parallel-20150122/
parallel-20150122/configure
parallel-20150122/Makefile.am
parallel-20150122/missing
parallel-20150122/configure.ac
parallel-20150122/NEWS
parallel-20150122/README
parallel-20150122/aclocal.m4
parallel-20150122/src/
parallel-20150122/src/parallel_tutorial.pod
parallel-20150122/src/parallel_tutorial.texi
parallel-20150122/src/sql.pdf
parallel-20150122/src/parallel_tutorial.pdf
parallel-20150122/src/Makefile.am
parallel-20150122/src/parallel.html
parallel-20150122/src/parallel_tutorial.7
parallel-20150122/src/sql.1
parallel-20150122/src/sem.pdf
parallel-20150122/src/parallel_tutorial.html
parallel-20150122/src/niceload.pdf
parallel-20150122/src/sem.texi
parallel-20150122/src/README
parallel-20150122/src/niceload.html
parallel-20150122/src/niceload.texi
parallel-20150122/src/parallel.1
parallel-20150122/src/sem.1
parallel-20150122/src/parallel_design.html
parallel-20150122/src/sem.pod
parallel-20150122/src/parallel_design.7
parallel-20150122/src/niceload
parallel-20150122/src/parallel_design.texi
parallel-20150122/src/parallel.pod
parallel-20150122/src/parallel_design.pod
parallel-20150122/src/Makefile.in
parallel-20150122/src/sql.texi
parallel-20150122/src/sem
parallel-20150122/src/parallel.texi
