
------------------------------------------------------------------------
| shakespeare     | line:chararray                                     | 
------------------------------------------------------------------------
|                 |     For that is her demand, and know her business? | 
------------------------------------------------------------------------

(                     118)
----------------------------------------------
| shakespeare     | line:chararray           | 
----------------------------------------------
|                 |                      118 | 
----------------------------------------------
---------------------------------------
| palabras     | palabra:chararray    | 
---------------------------------------
|              | 118                  | 
---------------------------------------

(EPILOGUE)
------------------------------------------------------------
| shakespeare     | line:chararray                         | 
------------------------------------------------------------
|                 | EPILOGUE                               | 
|                 |                              EPILOGUE. | 
------------------------------------------------------------
---------------------------------------
| palabras     | palabra:chararray    | 
---------------------------------------
|              | epilogue             | 
|              | epilogue             | 
---------------------------------------
-------------------------------------------------------------------------------------
| grupo     | group:chararray    | palabras:bag{:tuple(palabra:chararray)}          | 
-------------------------------------------------------------------------------------
|           | epilogue           | {(epilogue), (epilogue)}                         | 
-------------------------------------------------------------------------------------

(EPILOGUE)
------------------------------------------------------------
| shakespeare     | line:chararray                         | 
------------------------------------------------------------
|                 | EPILOGUE                               | 
|                 |                              EPILOGUE. | 
------------------------------------------------------------
----------------------------------------
| palabras     | palabra:chararray     | 
----------------------------------------
|              | epilogue              | 
|              | epilogue              | 
----------------------------------------
-----------------------------------------------------------------------------------------
| grupo     | group:chararray     | palabras:bag{:tuple(palabra:chararray)}             | 
-----------------------------------------------------------------------------------------
|           | epilogue            | {(epilogue), (epilogue)}                            | 
-----------------------------------------------------------------------------------------
----------------------------------------------------------
| conteo     | palabra:chararray     | cantidad:long     | 
----------------------------------------------------------
|            | epilogue              | 2                 | 
----------------------------------------------------------

(Flourish. Enter KING, COUNTESS, LAFEU, the two FRENCH LORDS, with ATTENDANTS)
--------------------------------------------------------------------------------------------------
| shakespeare     | line:chararray                                                               | 
--------------------------------------------------------------------------------------------------
|                 | Flourish. Enter KING, COUNTESS, LAFEU, the two FRENCH LORDS, with ATTENDANTS | 
|                 |     That he approves the common liar, who                                    | 
--------------------------------------------------------------------------------------------------
----------------------------------------
| palabras     | palabra:chararray     | 
----------------------------------------
|              | flourish              | 
|              | enter                 | 
|              | king                  | 
|              | countess              | 
|              | lafeu                 | 
|              | the                   | 
|              | two                   | 
|              | french                | 
|              | lords                 | 
|              | with                  | 
|              | attendants            | 
|              | that                  | 
|              | he                    | 
|              | approves              | 
|              | the                   | 
|              | common                | 
|              | liar                  | 
|              | who                   | 
----------------------------------------
-----------------------------------------------------------------------------------------
| grupo     | group:chararray     | palabras:bag{:tuple(palabra:chararray)}             | 
-----------------------------------------------------------------------------------------
|           | he                  | {(he)}                                              | 
|           | the                 | {(the), (the)}                                      | 
|           | two                 | {(two)}                                             | 
|           | who                 | {(who)}                                             | 
|           | king                | {(king)}                                            | 
|           | liar                | {(liar)}                                            | 
|           | that                | {(that)}                                            | 
|           | with                | {(with)}                                            | 
|           | enter               | {(enter)}                                           | 
|           | lafeu               | {(lafeu)}                                           | 
|           | lords               | {(lords)}                                           | 
|           | common              | {(common)}                                          | 
|           | french              | {(french)}                                          | 
|           | approves            | {(approves)}                                        | 
|           | countess            | {(countess)}                                        | 
|           | flourish            | {(flourish)}                                        | 
|           | attendants          | {(attendants)}                                      | 
-----------------------------------------------------------------------------------------
----------------------------------------------------------
| conteo     | palabra:chararray     | cantidad:long     | 
----------------------------------------------------------
|            | he                    | 1                 | 
|            | the                   | 2                 | 
|            | two                   | 1                 | 
|            | who                   | 1                 | 
|            | king                  | 1                 | 
|            | liar                  | 1                 | 
|            | that                  | 1                 | 
|            | with                  | 1                 | 
|            | enter                 | 1                 | 
|            | lafeu                 | 1                 | 
|            | lords                 | 1                 | 
|            | common                | 1                 | 
|            | french                | 1                 | 
|            | approves              | 1                 | 
|            | countess              | 1                 | 
|            | flourish              | 1                 | 
|            | attendants            | 1                 | 
----------------------------------------------------------
-------------------------------------------------------------
| ordenados     | palabra:chararray     | cantidad:long     | 
-------------------------------------------------------------
|               | the                   | 2                 | 
|               | he                    | 1                 | 
|               | two                   | 1                 | 
|               | who                   | 1                 | 
|               | king                  | 1                 | 
|               | liar                  | 1                 | 
|               | that                  | 1                 | 
|               | with                  | 1                 | 
|               | enter                 | 1                 | 
|               | lafeu                 | 1                 | 
|               | lords                 | 1                 | 
|               | common                | 1                 | 
|               | french                | 1                 | 
|               | approves              | 1                 | 
|               | countess              | 1                 | 
|               | flourish              | 1                 | 
|               | attendants            | 1                 | 
-------------------------------------------------------------

